<?xml version="1.0" encoding="UTF-8"?>
<!-- Generated by org.testng.reporters.JUnitReportReporter -->
<testsuite hostname="DESKTOP-R1L0ULN" failures="0" tests="1" name="testCases.LoginTestCase2" time="10.668" errors="0" timestamp="2023-01-04T16:05:36 IST" skipped="0">
  <testcase classname="testCases.LoginTestCase2" name="login" time="10.668"/>
  <system-out/>
</testsuite> <!-- testCases.LoginTestCase2 -->
