<?xml version="1.0" encoding="UTF-8"?>
<!-- Generated by org.testng.reporters.JUnitReportReporter -->
<testsuite hostname="DESKTOP-R1L0ULN" failures="0" tests="1" name="testCases.Customer" time="39.371" errors="0" timestamp="2022-12-21T17:30:56 IST" skipped="0">
  <testcase classname="testCases.Customer" name="addNewCustomer" time="39.371"/>
  <system-out/>
</testsuite> <!-- testCases.Customer -->
