<?xml version="1.0" encoding="UTF-8"?>
<!-- Generated by org.testng.reporters.JUnitReportReporter -->
<testsuite hostname="DESKTOP-R1L0ULN" failures="0" tests="1" name="testCases.Delete_Project" time="36.295" errors="0" timestamp="2023-01-03T13:30:43 IST" skipped="0">
  <testcase classname="testCases.Delete_Project" name="addNewCustomer" time="36.295"/>
  <system-out/>
</testsuite> <!-- testCases.Delete_Project -->
