<?xml version="1.0" encoding="UTF-8"?>
<!-- Generated by org.testng.reporters.JUnitReportReporter -->
<testsuite hostname="DESKTOP-R1L0ULN" failures="0" tests="1" name="testCases.Delete_Project" time="31.073" errors="0" timestamp="2023-01-26T13:32:48 IST" skipped="0">
  <testcase classname="testCases.Delete_Project" name="addNewCustomer" time="31.073"/>
  <system-out/>
</testsuite> <!-- testCases.Delete_Project -->
