<?xml version="1.0" encoding="UTF-8"?>
<!-- Generated by org.testng.reporters.JUnitReportReporter -->
<testsuite hostname="DESKTOP-R1L0ULN" failures="0" tests="1" name="testCases.RealPOMCustomer" time="41.870" errors="0" timestamp="2023-01-26T13:32:48 IST" skipped="0">
  <testcase classname="testCases.RealPOMCustomer" name="addNewCustomer" time="41.870"/>
  <system-out/>
</testsuite> <!-- testCases.RealPOMCustomer -->
