<?xml version="1.0" encoding="UTF-8"?>
<!-- Generated by org.testng.reporters.JUnitReportReporter -->
<testsuite hostname="DESKTOP-R1L0ULN" failures="0" tests="1" name="testCases.RealPOMCustomer" time="36.973" errors="0" timestamp="2023-01-03T13:30:43 IST" skipped="0">
  <testcase classname="testCases.RealPOMCustomer" name="addNewCustomer" time="36.973"/>
  <system-out/>
</testsuite> <!-- testCases.RealPOMCustomer -->
