<?xml version="1.0" encoding="UTF-8"?>
<!-- Generated by org.testng.reporters.JUnitReportReporter -->
<testsuite hostname="DESKTOP-R1L0ULN" failures="0" tests="1" name="testCases.LoginTestCase2" time="12.211" errors="0" timestamp="2022-12-22T16:46:45 IST" skipped="0">
  <testcase classname="testCases.LoginTestCase2" name="login" time="12.211"/>
  <system-out/>
</testsuite> <!-- testCases.LoginTestCase2 -->
